Release 14.7 - xst P.20131013 (nt64)
Copyright (c) 1995-2013 Xilinx, Inc.  All rights reserved.
--> Parameter TMPDIR set to xst/projnav.tmp


Total REAL time to Xst completion: 0.00 secs
Total CPU time to Xst completion: 0.07 secs
 
--> Parameter xsthdpdir set to xst


Total REAL time to Xst completion: 0.00 secs
Total CPU time to Xst completion: 0.07 secs
 
--> Reading design: system.prj

TABLE OF CONTENTS
  1) Synthesis Options Summary
  2) HDL Compilation
  3) Design Hierarchy Analysis
  4) HDL Analysis
  5) HDL Synthesis
     5.1) HDL Synthesis Report
  6) Advanced HDL Synthesis
     6.1) Advanced HDL Synthesis Report
  7) Low Level Synthesis
  8) Partition Report
  9) Final Report
	9.1) Device utilization summary
	9.2) Partition Resource Summary
	9.3) TIMING REPORT


=========================================================================
*                      Synthesis Options Summary                        *
=========================================================================
---- Source Parameters
Input File Name                    : "system.prj"
Input Format                       : mixed
Ignore Synthesis Constraint File   : NO

---- Target Parameters
Output File Name                   : "system"
Output Format                      : NGC
Target Device                      : xc3s200-4-ft256

---- Source Options
Top Module Name                    : system
Automatic FSM Extraction           : YES
FSM Encoding Algorithm             : Auto
Safe Implementation                : No
FSM Style                          : LUT
RAM Extraction                     : Yes
RAM Style                          : Auto
ROM Extraction                     : Yes
Mux Style                          : Auto
Decoder Extraction                 : YES
Priority Encoder Extraction        : Yes
Shift Register Extraction          : YES
Logical Shifter Extraction         : YES
XOR Collapsing                     : YES
ROM Style                          : Auto
Mux Extraction                     : Yes
Resource Sharing                   : YES
Asynchronous To Synchronous        : NO
Multiplier Style                   : Auto
Automatic Register Balancing       : No

---- Target Options
Add IO Buffers                     : YES
Global Maximum Fanout              : 100000
Add Generic Clock Buffer(BUFG)     : 8
Register Duplication               : YES
Slice Packing                      : YES
Optimize Instantiated Primitives   : NO
Use Clock Enable                   : Yes
Use Synchronous Set                : Yes
Use Synchronous Reset              : Yes
Pack IO Registers into IOBs        : Auto
Equivalent register Removal        : YES

---- General Options
Optimization Goal                  : Speed
Optimization Effort                : 1
Keep Hierarchy                     : No
Netlist Hierarchy                  : As_Optimized
RTL Output                         : Yes
Global Optimization                : AllClockNets
Read Cores                         : YES
Write Timing Constraints           : NO
Cross Clock Analysis               : NO
Hierarchy Separator                : /
Bus Delimiter                      : <>
Case Specifier                     : Maintain
Slice Utilization Ratio            : 100
BRAM Utilization Ratio             : 100
Verilog 2001                       : YES
Auto BRAM Packing                  : NO
Slice Utilization Ratio Delta      : 5

=========================================================================


=========================================================================
*                          HDL Compilation                              *
=========================================================================
Compiling verilog file "reg8.v" in library work
Compiling verilog file "adder8.v" in library work
Module <reg8> compiled
Compiling verilog file "system.v" in library work
Module <adder8> compiled
Module <system> compiled
No errors in compilation
Analysis of file <"system.prj"> succeeded.
 

=========================================================================
*                     Design Hierarchy Analysis                         *
=========================================================================
Analyzing hierarchy for module <system> in library <work>.

Analyzing hierarchy for module <adder8> in library <work>.

Analyzing hierarchy for module <reg8> in library <work>.


=========================================================================
*                            HDL Analysis                               *
=========================================================================
Analyzing top module <system>.
Module <system> is correct for synthesis.
 
Analyzing module <adder8> in library <work>.
Module <adder8> is correct for synthesis.
 
Analyzing module <reg8> in library <work>.
Module <reg8> is correct for synthesis.
 

=========================================================================
*                           HDL Synthesis                               *
=========================================================================

Performing bidirectional port resolution...

Synthesizing Unit <adder8>.
    Related source file is "adder8.v".
    Found 8-bit adder carry out for signal <out$addsub0000>.
    Summary:
	inferred   1 Adder/Subtractor(s).
Unit <adder8> synthesized.


Synthesizing Unit <reg8>.
    Related source file is "reg8.v".
    Found 8-bit register for signal <dataout>.
    Summary:
	inferred   8 D-type flip-flop(s).
Unit <reg8> synthesized.


Synthesizing Unit <system>.
    Related source file is "system.v".
Unit <system> synthesized.


=========================================================================
HDL Synthesis Report

Macro Statistics
# Adders/Subtractors                                   : 1
 8-bit adder carry out                                 : 1
# Registers                                            : 1
 8-bit register                                        : 1

=========================================================================

=========================================================================
*                       Advanced HDL Synthesis                          *
=========================================================================


=========================================================================
Advanced HDL Synthesis Report

Macro Statistics
# Adders/Subtractors                                   : 1
 8-bit adder carry out                                 : 1
# Registers                                            : 8
 Flip-Flops                                            : 8

=========================================================================

=========================================================================
*                         Low Level Synthesis                           *
=========================================================================

Optimizing unit <system> ...

Optimizing unit <reg8> ...

Mapping all equations...
Building and optimizing final netlist ...
Found area constraint ratio of 100 (+ 5) on block system, actual ratio is 0.

Final Macro Processing ...

=========================================================================
Final Register Report

Macro Statistics
# Registers                                            : 8
 Flip-Flops                                            : 8

=========================================================================

=========================================================================
*                           Partition Report                            *
=========================================================================

Partition Implementation Status
-------------------------------

  No Partitions were found in this design.

-------------------------------

=========================================================================
*                            Final Report                               *
=========================================================================
Final Results
RTL Top Level Output File Name     : system.ngr
Top Level Output File Name         : system
Output Format                      : NGC
Optimization Goal                  : Speed
Keep Hierarchy                     : No

Design Statistics
# IOs                              : 11

Cell Usage :
# BELS                             : 13
#      GND                         : 1
#      INV                         : 1
#      LUT2                        : 2
#      LUT2_L                      : 1
#      LUT3                        : 2
#      LUT4                        : 4
#      LUT4_D                      : 1
#      MUXF5                       : 1
# FlipFlops/Latches                : 8
#      FDR                         : 8
# Clock Buffers                    : 1
#      BUFGP                       : 1
# IO Buffers                       : 10
#      IBUF                        : 1
#      OBUF                        : 9
=========================================================================

Device utilization summary:
---------------------------

Selected Device : 3s200ft256-4 

 Number of Slices:                        6  out of   1920     0%  
 Number of Slice Flip Flops:              8  out of   3840     0%  
 Number of 4 input LUTs:                 11  out of   3840     0%  
 Number of IOs:                          11
 Number of bonded IOBs:                  11  out of    173     6%  
 Number of GCLKs:                         1  out of      8    12%  

---------------------------
Partition Resource Summary:
---------------------------

  No Partitions were found in this design.

---------------------------


=========================================================================
TIMING REPORT

NOTE: THESE TIMING NUMBERS ARE ONLY A SYNTHESIS ESTIMATE.
      FOR ACCURATE TIMING INFORMATION PLEASE REFER TO THE TRACE REPORT
      GENERATED AFTER PLACE-and-ROUTE.

Clock Information:
------------------
-----------------------------------+------------------------+-------+
Clock Signal                       | Clock buffer(FF name)  | Load  |
-----------------------------------+------------------------+-------+
system_clock                       | BUFGP                  | 8     |
-----------------------------------+------------------------+-------+

Asynchronous Control Signals Information:
----------------------------------------
No asynchronous control signals found in this design

Timing Summary:
---------------
Speed Grade: -4

   Minimum period: 4.226ns (Maximum Frequency: 236.630MHz)
   Minimum input arrival time before clock: 2.930ns
   Maximum output required time after clock: 10.786ns
   Maximum combinational path delay: No path found

Timing Detail:
--------------
All values displayed in nanoseconds (ns)

=========================================================================
Timing constraint: Default period analysis for Clock 'system_clock'
  Clock period: 4.226ns (frequency: 236.630MHz)
  Total number of paths / destination ports: 36 / 8
-------------------------------------------------------------------------
Delay:               4.226ns (Levels of Logic = 2)
  Source:            reg_0/dataout_3 (FF)
  Destination:       reg_0/dataout_5 (FF)
  Source Clock:      system_clock rising
  Destination Clock: system_clock rising

  Data Path: reg_0/dataout_3 to reg_0/dataout_5
                                Gate     Net
    Cell:in->out      fanout   Delay   Delay  Logical Name (Net Name)
    ----------------------------------------  ------------
     FDR:C->Q              2   0.720   1.216  reg_0/dataout_3 (reg_0/dataout_3)
     LUT4_D:I0->O          4   0.551   0.985  adder_0/Madd_out_addsub0000_cy<3>11 (adder_0/Madd_out_addsub0000_cy<3>)
     LUT3:I2->O            2   0.551   0.000  adder_0/Madd_out_addsub0000_xor<5>11 (count_5_OBUF)
     FDR:D                     0.203          reg_0/dataout_5
    ----------------------------------------
    Total                      4.226ns (2.025ns logic, 2.201ns route)
                                       (47.9% logic, 52.1% route)

=========================================================================
Timing constraint: Default OFFSET IN BEFORE for Clock 'system_clock'
  Total number of paths / destination ports: 8 / 8
-------------------------------------------------------------------------
Offset:              2.930ns (Levels of Logic = 1)
  Source:            system_reset (PAD)
  Destination:       reg_0/dataout_7 (FF)
  Destination Clock: system_clock rising

  Data Path: system_reset to reg_0/dataout_7
                                Gate     Net
    Cell:in->out      fanout   Delay   Delay  Logical Name (Net Name)
    ----------------------------------------  ------------
     IBUF:I->O             8   0.821   1.083  system_reset_IBUF (system_reset_IBUF)
     FDR:R                     1.026          reg_0/dataout_0
    ----------------------------------------
    Total                      2.930ns (1.847ns logic, 1.083ns route)
                                       (63.0% logic, 37.0% route)

=========================================================================
Timing constraint: Default OFFSET OUT AFTER for Clock 'system_clock'
  Total number of paths / destination ports: 44 / 9
-------------------------------------------------------------------------
Offset:              10.786ns (Levels of Logic = 4)
  Source:            reg_0/dataout_3 (FF)
  Destination:       count<8> (PAD)
  Source Clock:      system_clock rising

  Data Path: reg_0/dataout_3 to count<8>
                                Gate     Net
    Cell:in->out      fanout   Delay   Delay  Logical Name (Net Name)
    ----------------------------------------  ------------
     FDR:C->Q              2   0.720   1.216  reg_0/dataout_3 (reg_0/dataout_3)
     LUT4_D:I0->O          4   0.551   0.943  adder_0/Madd_out_addsub0000_cy<3>11 (adder_0/Madd_out_addsub0000_cy<3>)
     LUT4:I3->O            1   0.551   0.000  adder_0/Madd_out_addsub0000_cy<7>111 (adder_0/Madd_out_addsub0000_cy<7>11)
     MUXF5:I1->O           1   0.360   0.801  adder_0/Madd_out_addsub0000_cy<7>11_f5 (count_8_OBUF)
     OBUF:I->O                 5.644          count_8_OBUF (count<8>)
    ----------------------------------------
    Total                     10.786ns (7.826ns logic, 2.960ns route)
                                       (72.6% logic, 27.4% route)

=========================================================================


Total REAL time to Xst completion: 3.00 secs
Total CPU time to Xst completion: 3.57 secs
 
--> 

Total memory usage is 289824 kilobytes

Number of errors   :    0 (   0 filtered)
Number of warnings :    1 (   0 filtered)
Number of infos    :    0 (   0 filtered)

