#-----------------------------------------------------------
# PlanAhead v14.7 (64-bit)
# Build 321239 by xbuild on Fri Sep 27 19:29:51 MDT 2013
# Start of session at: Tue Oct 11 23:56:19 2016
# Process ID: 7376
# Log file: C:/Users/kmd17/Documents/GitHub/FPGACODE/planAhead_run_1/planAhead.log
# Journal file: C:/Users/kmd17/Documents/GitHub/FPGACODE/planAhead_run_1/planAhead.jou
#-----------------------------------------------------------
INFO: [Common 17-78] Attempting to get a license: PlanAhead
INFO: [Common 17-290] Got license for PlanAhead
INFO: [Device 21-36] Loading parts and site information from C:/Xilinx/14.7/ISE_DS/PlanAhead/data/parts/arch.xml
Parsing RTL primitives file [C:/Xilinx/14.7/ISE_DS/PlanAhead/data/parts/xilinx/rtl/prims/rtl_prims.xml]
Finished parsing RTL primitives file [C:/Xilinx/14.7/ISE_DS/PlanAhead/data/parts/xilinx/rtl/prims/rtl_prims.xml]
start_gui
source C:/Users/kmd17/Documents/GitHub/FPGACODE/pa.fromNcd.tcl
# create_project -name lab1 -dir "C:/Users/kmd17/Documents/GitHub/FPGACODE/planAhead_run_1" -part xc3s200ft256-4
# set srcset [get_property srcset [current_run -impl]]
# set_property design_mode GateLvl $srcset
# set_property edif_top_file "C:/Users/kmd17/Documents/GitHub/FPGACODE/system.ngc" [ get_property srcset [ current_run ] ]
# add_files -norecurse { {C:/Users/kmd17/Documents/GitHub/FPGACODE} }
# set_property target_constrs_file "system.ucf" [current_fileset -constrset]
Adding file 'C:/Users/kmd17/Documents/GitHub/FPGACODE/system.ucf' to fileset 'constrs_1'
# add_files [list {system.ucf}] -fileset [get_property constrset [current_run]]
# link_design
Design is defaulting to srcset: sources_1
Design is defaulting to constrset: constrs_1
Design is defaulting to project part: xc3s200ft256-4
Release 14.7 - ngc2edif P.20131013 (nt64)
Copyright (c) 1995-2013 Xilinx, Inc.  All rights reserved.
Reading design system.ngc ...
WARNING:NetListWriters:298 - No output is written to system.xncf, ignored.
Processing design ...
   Preping design's networks ...
   Preping design's macros ...
  finished :Prep
Writing EDIF netlist file system.edif ...
ngc2edif: Total memory usage is 78984 kilobytes

Parsing EDIF File [./planAhead_run_1/lab1.data/cache/system_ngc_zx.edif]
Finished Parsing EDIF File [./planAhead_run_1/lab1.data/cache/system_ngc_zx.edif]
INFO: [Designutils 20-910] Reading macro library C:/Xilinx/14.7/ISE_DS/PlanAhead/data\./parts/xilinx/spartan3/hd_int_macros.edn
Parsing EDIF File [C:/Xilinx/14.7/ISE_DS/PlanAhead/data\./parts/xilinx/spartan3/hd_int_macros.edn]
Finished Parsing EDIF File [C:/Xilinx/14.7/ISE_DS/PlanAhead/data\./parts/xilinx/spartan3/hd_int_macros.edn]
Loading clock regions from C:/Xilinx/14.7/ISE_DS/PlanAhead/data\parts/xilinx/spartan3/spartan3/xc3s200/ClockRegion.xml
Loading clock buffers from C:/Xilinx/14.7/ISE_DS/PlanAhead/data\parts/xilinx/spartan3/spartan3/xc3s200/ClockBuffers.xml
Loading package from C:/Xilinx/14.7/ISE_DS/PlanAhead/data\parts/xilinx/spartan3/spartan3/xc3s200/ft256/Package.xml
Loading io standards from C:/Xilinx/14.7/ISE_DS/PlanAhead/data\./parts/xilinx/spartan3/IOStandards.xml
INFO: [Device 21-19] Loading pkg sso from C:/Xilinx/14.7/ISE_DS/PlanAhead/data\parts/xilinx/spartan3/spartan3/xc3s200/ft256/SSORules.xml
Loading list of drcs for the architecture : C:/Xilinx/14.7/ISE_DS/PlanAhead/data\./parts/xilinx/spartan3/drc.xml
INFO: [Timing 38-77] Reading timing library C:/Xilinx/14.7/ISE_DS/PlanAhead/data\parts/xilinx/spartan3/spartan3/spartan3-4.lib.
INFO: [Timing 38-34] Done reading timing library C:/Xilinx/14.7/ISE_DS/PlanAhead/data\parts/xilinx/spartan3/spartan3/spartan3-4.lib.
Parsing UCF File [C:/Users/kmd17/Documents/GitHub/FPGACODE/system.ucf]
Finished Parsing UCF File [C:/Users/kmd17/Documents/GitHub/FPGACODE/system.ucf]
INFO: [Project 1-111] Unisim Transformation Summary:
No Unisim elements were transformed.

Phase 0 | Netlist Checksum: f6329e7c
# read_xdl -file "C:/Users/kmd17/Documents/GitHub/FPGACODE/system.ncd"
Release 14.7 - xdl P.20131013 (nt64)
Copyright (c) 1995-2013 Xilinx, Inc.  All rights reserved.

WARNING:XDL:213 - The resulting xdl output will not have LUT equation strings or RAM INIT strings.
Loading device for application Rf_Device from file '3s200.nph' in environment C:\Xilinx\14.7\ISE_DS\ISE\.
   "system" is an NCD, version 3.2, device xc3s200, package ft256, speed -4
Successfully converted design 'C:\Users\kmd17\Documents\GitHub\FPGACODE\system.ncd' to 'C:\Users\kmd17\Documents\GitHub\FPGACODE\system.xdl'.
INFO: [Designutils 20-669] Parsing Placement File : C:/Users/kmd17/Documents/GitHub/FPGACODE/system.ncd
INFO: [Designutils 20-658] Finished Parsing Placement File : C:/Users/kmd17/Documents/GitHub/FPGACODE/system.ncd
INFO: [Designutils 20-671] Placed 32 instances
# if {[catch {read_twx -name results_1 -file "C:/Users/kmd17/Documents/GitHub/FPGACODE/system.twx"} eInfo]} {
#    puts "WARNING: there was a problem importing \"C:/Users/kmd17/Documents/GitHub/FPGACODE/system.twx\": $eInfo"
# }
exit
ERROR: [PlanAhead 12-106] *** Exception: ui.h.b: Found deleted key in HTclEventBroker. Verify if the classes listed here call cleanup()
HTclEvent: DEBUG_CORE_CONFIG_CHANGE   Classes: ui.views.aR 
HTclEvent: DEBUG_PORT_CONFIG_CHANGE   Classes: ui.views.aR 
HTclEvent: SIGNAL_BUS_MODIFY   Classes: ui.views.aR 
HTclEvent: SIGNAL_MODIFY   Classes: ui.views.aR 
 (See C:/Users/kmd17/Documents/GitHub/FPGACODE\planAhead_pid7376.debug)
ERROR: [Common 17-39] 'stop_gui' failed due to earlier errors.
INFO: [Common 17-206] Exiting PlanAhead at Wed Oct 12 00:46:57 2016...
INFO: [Common 17-83] Releasing license: PlanAhead
