Command line:
   anti_bounce_isim_beh.exe
     -simmode  gui
     -simrunnum  0
     -socket  50915

Tue Oct 25 22:18:52 2016


 Elaboration Time: 0.03125 sec

 Current Memory Usage: 1490.98 Meg

 Total Signals          : 17
 Total Nets             : 18
 Total Signal Drivers   : 7
 Total Blocks           : 2
 Total Primitive Blocks : 2
 Total Processes        : 10
 Total Traceable Variables  : 22
 Total Scalar Nets and Variables : 109
Total Line Count : 49

 Total Simulation Time: 0.03125 sec

 Current Memory Usage: 1490.98 Meg

Tue Oct 25 22:19:03 2016

